生成启动时间为 2016/4/24 17:57:39。
     1>项目“C:\Users\kobe\Documents\Visual Studio 2015\Projects\calculator v1.1\calculator\calculator.vcxproj”在节点 2 上(Build 个目标)。
     1>ClCompile:
         D:\工作\visual studio 2015\VC\bin\CL.exe /c /ZI /nologo /W3 /WX- /sdl /Od /Oy- /D WIN32 /D _DEBUG /D _CONSOLE /D _UNICODE /D UNICODE /Gm /EHsc /RTC1 /MDd /GS /fp:precise /Zc:wchar_t /Zc:forScope /Zc:inline /Fo"Debug\\" /Fd"Debug\vc140.pdb" /Gd /TP /analyze- /errorReport:prompt calculator.cpp main.cpp
         calculator.cpp
         正在生成代码...
     1>c:\users\kobe\documents\visual studio 2015\projects\calculator v1.1\calculator\calculator.cpp(124): warning C4715: “calculator::level”: 不是所有的控件路径都返回值
         正在编译...
         main.cpp
     1>c:\users\kobe\documents\visual studio 2015\projects\calculator v1.1\calculator\main.cpp(84): warning C4018: “<”: 有符号/无符号不匹配
     1>c:\users\kobe\documents\visual studio 2015\projects\calculator v1.1\calculator\main.cpp(118): warning C4018: “<”: 有符号/无符号不匹配
         正在生成代码...
       Link:
         D:\工作\visual studio 2015\VC\bin\link.exe /ERRORREPORT:PROMPT /OUT:"C:\Users\kobe\Documents\Visual Studio 2015\Projects\calculator v1.1\Debug\calculator.exe" /INCREMENTAL /NOLOGO kernel32.lib user32.lib gdi32.lib winspool.lib comdlg32.lib advapi32.lib shell32.lib ole32.lib oleaut32.lib uuid.lib odbc32.lib odbccp32.lib /MANIFEST /MANIFESTUAC:"level='asInvoker' uiAccess='false'" /manifest:embed /Debug /PDB:"C:\Users\kobe\Documents\Visual Studio 2015\Projects\calculator v1.1\Debug\calculator.pdb" /SUBSYSTEM:CONSOLE /TLBID:1 /DYNAMICBASE /NXCOMPAT /IMPLIB:"C:\Users\kobe\Documents\Visual Studio 2015\Projects\calculator v1.1\Debug\calculator.lib" /MACHINE:X86 Debug\calculator.obj
         Debug\main.obj
         Debug\print.obj
         Debug\scan.obj
         calculator.vcxproj -> C:\Users\kobe\Documents\Visual Studio 2015\Projects\calculator v1.1\Debug\calculator.exe
     1>已完成生成项目“C:\Users\kobe\Documents\Visual Studio 2015\Projects\calculator v1.1\calculator\calculator.vcxproj”(Build 个目标)的操作。

已成功生成。

已用时间 00:00:01.70
